[GIN-debug] [WARNING] Running in "debug" mode. Switch to "release" mode in production.
 - using env:	export GIN_MODE=release
 - using code:	gin.SetMode(gin.ReleaseMode)

[GIN-debug] GET    /css/*filepath            --> github.com/gin-gonic/gin.(*RouterGroup).createStaticHandler.func1 (1 handlers)
[GIN-debug] HEAD   /css/*filepath            --> github.com/gin-gonic/gin.(*RouterGroup).createStaticHandler.func1 (1 handlers)
[GIN-debug] Loaded HTML Templates (4): 
	- header.html
	- index.html
	- 
	- footer.html

[GIN-debug] GET    /api/posts                --> main.main.func1 (5 handlers)
[GIN-debug] POST   /api/novel                --> main.main.func2 (5 handlers)
[GIN-debug] GET    /view/novels              --> asdf148.com/Study_Gin/controller.NovelController.ShowAll-fm (5 handlers)
[GIN-debug] [WARNING] You trusted all proxies, this is NOT safe. We recommend you to set a value.
Please check https://pkg.go.dev/github.com/gin-gonic/gin#readme-don-t-trust-all-proxies for details.
[GIN-debug] Environment variable PORT is undefined. Using port :8080 by default
[GIN-debug] Listening and serving HTTP on :8080
::1 - [01 Dec 21 16:13 KST] POST /api/novel 200 789.875µs 
::1 - [01 Dec 21 16:13 KST] POST /api/novel 400 346.542µs 
::1 - [01 Dec 21 16:14 KST] POST /api/novel 200 280.625µs 
::1 - [01 Dec 21 16:14 KST] GET /view/novels 200 1.746209ms 
